<?xml version="1.0" encoding="UTF-8"?>
<testsuite name="com.example.project.TestUser" tests="2" skipped="0" failures="0" errors="0" timestamp="2025-01-14T14:28:13" hostname="codespaces-9915ce" time="0.036">
  <properties/>
  <testcase name="testUserConstructor()" classname="com.example.project.TestUser" time="0.032"/>
  <testcase name="testUserInfo()" classname="com.example.project.TestUser" time="0.002"/>
  <system-out><![CDATA[]]></system-out>
  <system-err><![CDATA[]]></system-err>
</testsuite>
